\BOOKMARK [1][-]{section.1}{\376\377\000G\000i\000t\000\040\000c\000o\000m\000m\000a\000n\000d\000s}{}% 1
\BOOKMARK [2][-]{subsection.1.1}{\376\377\000G\000i\000t\000\040\000c\000o\000m\000m\000o\000n\000'\000s\000\040\000c\000o\000m\000m\000a\000n\000d\000s}{section.1}% 2
\BOOKMARK [2][-]{subsection.1.2}{\376\377\000G\000i\000t\000\040\000c\000o\000n\000f\000i\000g}{section.1}% 3
\BOOKMARK [2][-]{subsection.1.3}{\376\377\000G\000i\000t\000\040\000s\000t\000a\000t\000u\000s}{section.1}% 4
\BOOKMARK [2][-]{subsection.1.4}{\376\377\000G\000i\000t\000\040\000a\000d\000d}{section.1}% 5
\BOOKMARK [2][-]{subsection.1.5}{\376\377\000G\000i\000t\000\040\000c\000l\000o\000n\000e}{section.1}% 6
\BOOKMARK [2][-]{subsection.1.6}{\376\377\000G\000i\000t\000\040\000d\000i\000f\000f}{section.1}% 7
\BOOKMARK [2][-]{subsection.1.7}{\376\377\000G\000i\000t\000\040\000l\000o\000g}{section.1}% 8
\BOOKMARK [2][-]{subsection.1.8}{\376\377\000G\000i\000t\000\040\000b\000r\000a\000n\000c\000h}{section.1}% 9
\BOOKMARK [2][-]{subsection.1.9}{\376\377\000G\000i\000t\000\040\000r\000e\000m\000o\000t\000e}{section.1}% 10
\BOOKMARK [2][-]{subsection.1.10}{\376\377\000G\000i\000t\000\040\000s\000t\000a\000s\000h}{section.1}% 11
\BOOKMARK [2][-]{subsection.1.11}{\376\377\000G\000i\000t\000\040\000m\000e\000r\000g\000e\000\134\000m\000e\000r\000g\000e\000t\000o\000o\000l}{section.1}% 12
\BOOKMARK [2][-]{subsection.1.12}{\376\377\000G\000i\000t\000\040\000r\000m\000\134\000m\000v}{section.1}% 13
\BOOKMARK [2][-]{subsection.1.13}{\376\377\000G\000i\000t\000\040\000c\000h\000e\000c\000k\000o\000u\000t}{section.1}% 14
\BOOKMARK [2][-]{subsection.1.14}{\376\377\000G\000i\000t\000\040\000o\000t\000h\000e\000r\000s}{section.1}% 15
\BOOKMARK [2][-]{subsection.1.15}{\376\377\000G\000i\000t\000\040\000i\000g\000n\000o\000r\000e}{section.1}% 16
\BOOKMARK [1][-]{section.2}{\376\377\000P\000o\000s\000t\000g\000r\000e\000S\000Q\000L}{}% 17
\BOOKMARK [2][-]{subsection.2.1}{\376\377\004\043\004\101\004\102\004\060\004\075\004\076\004\062\004\072\004\060}{section.2}% 18
\BOOKMARK [2][-]{subsection.2.2}{\376\377\004\020\004\062\004\102\004\076\004\100\004\070\004\067\004\060\004\106\004\070\004\117}{section.2}% 19
\BOOKMARK [2][-]{subsection.2.3}{\376\377\004\040\004\076\004\073\004\070}{section.2}% 20
\BOOKMARK [2][-]{subsection.2.4}{\376\377\004\021\004\024}{section.2}% 21
\BOOKMARK [2][-]{subsection.2.5}{\376\377\004\034\004\065\004\075\004\117\004\065\004\074\000\040\004\077\004\060\004\100\004\076\004\073\004\114\000\040\004\060\004\062\004\102\004\076\004\100\004\070\004\067\004\060\004\106\004\070\004\070\000\040\004\062\000\040\004\072\004\073\004\070\004\065\004\075\004\102\000-\004\072\004\076\004\075\004\101\004\076\004\073\004\070}{section.2}% 22
\BOOKMARK [2][-]{subsection.2.6}{\376\377\000P\000H\000P\0007}{section.2}% 23
\BOOKMARK [2][-]{subsection.2.7}{\376\377\000L\000a\000r\000a\000v\000e\000l\000\040\000.\000e\000n\000v}{section.2}% 24
